# JRE version: Java(TM) SE Runtime Environment 18.9 (11.0.11+9) (build 11.0.11+9-LTS-194)
# Java VM: Java HotSpot(TM) 64-Bit Server VM 18.9 (11.0.11+9-LTS-194, mixed mode, tiered, compressed oops, g1 gc, bsd-amd64)
Heap:
 garbage-first heap   total 131072K, used 29019K [0x0000000780000000, 0x0000000800000000)
  region size 1024K, 21 young (21504K), 5 survivors (5120K)
 Metaspace       used 42936K, capacity 44210K, committed 44412K, reserved 1087488K
  class space    used 5469K, capacity 6008K, committed 6092K, reserved 1048576K
GC Heap History (6 events):
Event: 0.632 GC heap before
{Heap before GC invocations=0 (full 0):
 garbage-first heap   total 131072K, used 13312K [0x0000000780000000, 0x0000000800000000)
  region size 1024K, 14 young (14336K), 0 survivors (0K)
 Metaspace       used 8201K, capacity 8419K, committed 8576K, reserved 1056768K
  class space    used 802K, capacity 876K, committed 896K, reserved 1048576K
}
Event: 0.636 GC heap after
{Heap after GC invocations=1 (full 0):
 garbage-first heap   total 131072K, used 1563K [0x0000000780000000, 0x0000000800000000)
  region size 1024K, 2 young (2048K), 2 survivors (2048K)
 Metaspace       used 8201K, capacity 8419K, committed 8576K, reserved 1056768K
  class space    used 802K, capacity 876K, committed 896K, reserved 1048576K
}
Event: 4.915 GC heap before
{Heap before GC invocations=1 (full 0):
 garbage-first heap   total 131072K, used 48667K [0x0000000780000000, 0x0000000800000000)
  region size 1024K, 50 young (51200K), 2 survivors (2048K)
 Metaspace       used 20686K, capacity 21271K, committed 21296K, reserved 1067008K
  class space    used 2652K, capacity 2919K, committed 2944K, reserved 1048576K
}
Event: 4.942 GC heap after
{Heap after GC invocations=2 (full 0):
 garbage-first heap   total 131072K, used 8192K [0x0000000780000000, 0x0000000800000000)
  region size 1024K, 8 young (8192K), 8 survivors (8192K)
 Metaspace       used 20686K, capacity 21271K, committed 21296K, reserved 1067008K
  class space    used 2652K, capacity 2919K, committed 2944K, reserved 1048576K
}
Event: 11.824 GC heap before
{Heap before GC invocations=3 (full 0):
 garbage-first heap   total 131072K, used 53248K [0x0000000780000000, 0x0000000800000000)
  region size 1024K, 51 young (52224K), 8 survivors (8192K)
 Metaspace       used 34818K, capacity 35838K, committed 35964K, reserved 1081344K
  class space    used 4386K, capacity 4794K, committed 4812K, reserved 1048576K
}
Event: 11.842 GC heap after
{Heap after GC invocations=4 (full 0):
 garbage-first heap   total 131072K, used 14683K [0x0000000780000000, 0x0000000800000000)
  region size 1024K, 5 young (5120K), 5 survivors (5120K)
 Metaspace       used 34818K, capacity 35838K, committed 35964K, reserved 1081344K
  class space    used 4386K, capacity 4794K, committed 4812K, reserved 1048576K
}

